<?xml version="1.0" encoding="UTF-8"?>
<!-- Generated by org.testng.reporters.JUnitXMLReporter -->
<testsuite hostname="CMM-C02XF43DJG5J" name="Default test" tests="3" failures="0" timestamp="16 Feb 2019 08:21:20 GMT" time="26.115" errors="0">
  <testcase name="RegistrationOfUser" time="8.931" classname="com.hooq.interview.test.TestApplication"/>
  <testcase name="LoginWithNewlyCreatedAccount" time="3.584" classname="com.hooq.interview.test.TestApplication"/>
  <testcase name="loginWithInvalidCrfedentials" time="1.07" classname="com.hooq.interview.test.TestApplication"/>
</testsuite> <!-- Default test -->
