<?xml version="1.0" encoding="UTF-8"?>
<!-- Generated by org.testng.reporters.JUnitXMLReporter -->
<testsuite hostname="CMM-C02XF43DJG5J" ignored="0" name="Default test" tests="2" failures="0" timestamp="15 Feb 2019 18:52:45 GMT" time="22.926" errors="0">
  <testcase name="RegistrationOfUser" time="7.344" classname="com.hooq.interview.test.TestApplication"/>
  <testcase name="LoginWithNewlyCreatedAccount" time="1.897" classname="com.hooq.interview.test.TestApplication"/>
</testsuite> <!-- Default test -->
