<?xml version="1.0" encoding="UTF-8"?>
<testng-results skipped="0" failed="0" total="3" passed="3">
  <reporter-output>
  </reporter-output>
  <suite name="Default suite" duration-ms="26115" started-at="2019-02-16T08:20:54Z" finished-at="2019-02-16T08:21:20Z">
    <groups>
    </groups>
    <test name="Default test" duration-ms="26115" started-at="2019-02-16T08:20:54Z" finished-at="2019-02-16T08:21:20Z">
      <class name="com.hooq.interview.test.TestApplication">
        <test-method status="PASS" signature="init()[pri:0, instance:com.hooq.interview.test.TestApplication@1bce4f0a]" name="init" is-config="true" duration-ms="9272" started-at="2019-02-16T16:20:54Z" finished-at="2019-02-16T16:21:03Z">
          <reporter-output>
          </reporter-output>
        </test-method> <!-- init -->
        <test-method status="PASS" signature="screenshotsBeforeMethod()[pri:0, instance:com.hooq.interview.test.TestApplication@1bce4f0a]" name="screenshotsBeforeMethod" is-config="true" duration-ms="1178" started-at="2019-02-16T16:21:03Z" finished-at="2019-02-16T16:21:04Z">
          <reporter-output>
          </reporter-output>
        </test-method> <!-- screenshotsBeforeMethod -->
        <test-method status="PASS" signature="RegistrationOfUser()[pri:0, instance:com.hooq.interview.test.TestApplication@1bce4f0a]" name="RegistrationOfUser" duration-ms="8931" started-at="2019-02-16T16:21:04Z" finished-at="2019-02-16T16:21:13Z">
          <reporter-output>
          </reporter-output>
        </test-method> <!-- RegistrationOfUser -->
        <test-method status="PASS" signature="screenshotsAfterMethod()[pri:0, instance:com.hooq.interview.test.TestApplication@1bce4f0a]" name="screenshotsAfterMethod" is-config="true" duration-ms="416" started-at="2019-02-16T16:21:13Z" finished-at="2019-02-16T16:21:14Z">
          <reporter-output>
          </reporter-output>
        </test-method> <!-- screenshotsAfterMethod -->
        <test-method status="PASS" signature="screenshotsBeforeMethod()[pri:0, instance:com.hooq.interview.test.TestApplication@1bce4f0a]" name="screenshotsBeforeMethod" is-config="true" duration-ms="399" started-at="2019-02-16T16:21:14Z" finished-at="2019-02-16T16:21:14Z">
          <reporter-output>
          </reporter-output>
        </test-method> <!-- screenshotsBeforeMethod -->
        <test-method status="PASS" signature="LoginWithNewlyCreatedAccount()[pri:0, instance:com.hooq.interview.test.TestApplication@1bce4f0a]" name="LoginWithNewlyCreatedAccount" duration-ms="3584" started-at="2019-02-16T16:21:14Z" description="Sign In using valid credentials with newly created user" depends-on-methods="com.hooq.interview.test.TestApplication.RegistrationOfUser" finished-at="2019-02-16T16:21:18Z">
          <reporter-output>
          </reporter-output>
        </test-method> <!-- LoginWithNewlyCreatedAccount -->
        <test-method status="PASS" signature="screenshotsAfterMethod()[pri:0, instance:com.hooq.interview.test.TestApplication@1bce4f0a]" name="screenshotsAfterMethod" is-config="true" duration-ms="410" started-at="2019-02-16T16:21:18Z" finished-at="2019-02-16T16:21:18Z">
          <reporter-output>
          </reporter-output>
        </test-method> <!-- screenshotsAfterMethod -->
        <test-method status="PASS" signature="screenshotsBeforeMethod()[pri:0, instance:com.hooq.interview.test.TestApplication@1bce4f0a]" name="screenshotsBeforeMethod" is-config="true" duration-ms="415" started-at="2019-02-16T16:21:18Z" finished-at="2019-02-16T16:21:18Z">
          <reporter-output>
          </reporter-output>
        </test-method> <!-- screenshotsBeforeMethod -->
        <test-method status="PASS" signature="loginWithInvalidCrfedentials()[pri:0, instance:com.hooq.interview.test.TestApplication@1bce4f0a]" name="loginWithInvalidCrfedentials" duration-ms="1070" started-at="2019-02-16T16:21:18Z" description="Sign In with invalid credentials" depends-on-methods="com.hooq.interview.test.TestApplication.LoginWithNewlyCreatedAccount" finished-at="2019-02-16T16:21:20Z">
          <reporter-output>
          </reporter-output>
        </test-method> <!-- loginWithInvalidCrfedentials -->
        <test-method status="PASS" signature="screenshotsAfterMethod()[pri:0, instance:com.hooq.interview.test.TestApplication@1bce4f0a]" name="screenshotsAfterMethod" is-config="true" duration-ms="429" started-at="2019-02-16T16:21:20Z" finished-at="2019-02-16T16:21:20Z">
          <reporter-output>
          </reporter-output>
        </test-method> <!-- screenshotsAfterMethod -->
        <test-method status="PASS" signature="teardown()[pri:0, instance:com.hooq.interview.test.TestApplication@1bce4f0a]" name="teardown" is-config="true" duration-ms="0" started-at="2019-02-16T16:21:20Z" finished-at="2019-02-16T16:21:20Z">
          <reporter-output>
          </reporter-output>
        </test-method> <!-- teardown -->
      </class> <!-- com.hooq.interview.test.TestApplication -->
    </test> <!-- Default test -->
  </suite> <!-- Default suite -->
</testng-results>
